#
# A fatal error has been detected by the Java Runtime Environment:
#
#  EXCEPTION_ACCESS_VIOLATION (0xc0000005) at pc=0x00007ffcdf3f6252, pid=24344, tid=10128
#
# JRE version: Java(TM) SE Runtime Environment (16.0.1+9) (build 16.0.1+9-24)
# Java VM: Java HotSpot(TM) 64-Bit Server VM (16.0.1+9-24, mixed mode, sharing, tiered, compressed oops, compressed class ptrs, g1 gc, windows-amd64)
# Problematic frame:
# V  [jvm.dll+0x6b6252]
#
# No core dump will be written. Minidumps are not enabled by default on client versions of Windows
#
# If you would like to submit a bug report, please visit:
#   https://bugreport.java.com/bugreport/crash.jsp
#

---------------  S U M M A R Y ------------

Command Line: -javaagent:C:\Program Files\JetBrains\IntelliJ IDEA Community Edition 2021.2.3\lib\idea_rt.jar=60857:C:\Program Files\JetBrains\IntelliJ IDEA Community Edition 2021.2.3\bin -Dfile.encoding=UTF-8 Main

Host: Intel(R) Core(TM) i5-10300H CPU @ 2.50GHz, 8 cores, 7G,  Windows 10 , 64 bit Build 19041 (10.0.19041.1202)
Time: Tue Nov 16 21:46:54 2021 RTZ 2 (s 10 , 64 bit Build 19041 (10.0.19041.1202) elapsed time: 8.372365 seconds (0d 0h 0m 8s)

---------------  T H R E A D  ---------------

Current thread (0x0000027e3bf33450):  JavaThread "C2 CompilerThread1" daemon [_thread_in_native, id=10128, stack(0x000000ab69000000,0x000000ab69100000)]


Current CompileTask:
C2:   8372 1455       4       jdk.internal.org.objectweb.asm.Frame::execute (2305 bytes)

Stack: [0x000000ab69000000,0x000000ab69100000],  sp=0x000000ab690fb690,  free space=1005k
Native frames: (J=compiled Java code, j=interpreted, Vv=VM code, C=native code)
V  [jvm.dll+0x6b6252]
V  [jvm.dll+0x1b9c73]
V  [jvm.dll+0x216066]
V  [jvm.dll+0x215350]
V  [jvm.dll+0x1a1d9b]
V  [jvm.dll+0x2253a8]
V  [jvm.dll+0x2233ec]
V  [jvm.dll+0x780002]
V  [jvm.dll+0x779b4a]
V  [jvm.dll+0x667666]
C  [ucrtbase.dll+0x21bb2]
C  [KERNEL32.DLL+0x17034]
C  [ntdll.dll+0x52651]


siginfo: EXCEPTION_ACCESS_VIOLATION (0xc0000005), reading address 0x0000027e3e258ff8


Register to memory mapping:

RIP=0x00007ffcdf3f6252 jvm.dll
RAX=0x0000000000000001 is an unknown value
RBX=0x0000000000000333 is an unknown value
RCX=0x0000027e3e33ecb0 points into unknown readable memory: 0x00007ffcdf600370 | 70 03 60 df fc 7f 00 00
RDX=0x0000027e3e259000 points into unknown readable memory: 0xffffffff000001a8 | a8 01 00 00 ff ff ff ff
RSP=0x000000ab690fb690 is pointing into the stack for thread: 0x0000027e3bf33450
RBP=0x000000ab690fb790 is pointing into the stack for thread: 0x0000027e3bf33450
RSI=0x0000027e3cfd56d0 points into unknown readable memory: 0x00007ffcdf5eb920 | 20 b9 5e df fc 7f 00 00
RDI=0x0000027e3cfd53c0 points into unknown readable memory: 0x00007ffcdf5eb920 | 20 b9 5e df fc 7f 00 00
R8 =0x0000027e3e33ed38 points into unknown readable memory: 0x0000027e3cf867d8 | d8 67 f8 3c 7e 02 00 00
R9 =0x0000027e3cf8e830 points into unknown readable memory: 0x0000027e3cf8e848 | 48 e8 f8 3c 7e 02 00 00
R10=0x0000027e3ea55cb8 points into unknown readable memory: 0x0000027e3d0ea9c8 | c8 a9 0e 3d 7e 02 00 00
R11=0x0000027e3cf30268 points into unknown readable memory: 0x0000027e3d0ea9c8 | c8 a9 0e 3d 7e 02 00 00
R12=0x0000000000000001 is an unknown value
R13=0x0000027e3cf8e7d8 points into unknown readable memory: 0x00007ffcdf5e6ce8 | e8 6c 5e df fc 7f 00 00
R14=0x0000000000000001 is an unknown value
R15=0x0000027e3e33ecb0 points into unknown readable memory: 0x00007ffcdf600370 | 70 03 60 df fc 7f 00 00


Registers:
RAX=0x0000000000000001, RBX=0x0000000000000333, RCX=0x0000027e3e33ecb0, RDX=0x0000027e3e259000
RSP=0x000000ab690fb690, RBP=0x000000ab690fb790, RSI=0x0000027e3cfd56d0, RDI=0x0000027e3cfd53c0
R8 =0x0000027e3e33ed38, R9 =0x0000027e3cf8e830, R10=0x0000027e3ea55cb8, R11=0x0000027e3cf30268
R12=0x0000000000000001, R13=0x0000027e3cf8e7d8, R14=0x0000000000000001, R15=0x0000027e3e33ecb0
RIP=0x00007ffcdf3f6252, EFLAGS=0x0000000000010282

Top of Stack: (sp=0x000000ab690fb690)
0x000000ab690fb690:   000000000000068d 0000000000000356
0x000000ab690fb6a0:   000000ab690fb790 0000027e3cfd56d0
0x000000ab690fb6b0:   0000027e3cf30160 000000ab00000001
0x000000ab690fb6c0:   0000027e00001dc0 0000027e3be54f01
0x000000ab690fb6d0:   0000027e3ed3b100 000000ab690fb810
0x000000ab690fb6e0:   000000000000000b 0000000000000000
0x000000ab690fb6f0:   0000000000000005 0000027e3c193300
0x000000ab690fb700:   0000027e3f1220f8 0000000500000059
0x000000ab690fb710:   0000000000000007 00007ffcdf81d010
0x000000ab690fb720:   0000000000000005 0000027e3c8b9800
0x000000ab690fb730:   0000000100000229 0000000000000333
0x000000ab690fb740:   0000027e3c8b9ad0 0000027e3c14b360
0x000000ab690fb750:   0000000000000038 0000027e3c147a70
0x000000ab690fb760:   0000027e3c144180 0000027e3be54f70
0x000000ab690fb770:   000000ab00000001 0000027e00001afc
0x000000ab690fb780:   0000027e3c14b630 0000027e3e66ff10 

Instructions: (pc=0x00007ffcdf3f6252)
0x00007ffcdf3f6152:   04 d0 eb 03 4d 8b c4 41 8b 40 2c 83 e0 1f 3c 12
0x00007ffcdf3f6162:   75 55 41 3b d1 73 0a 48 8b 46 20 4c 8b 34 d0 eb
0x00007ffcdf3f6172:   03 4d 8b f4 49 8b 85 08 01 00 00 49 63 4e 28 48
0x00007ffcdf3f6182:   63 14 88 49 8b 85 f0 00 00 00 8b 04 90 3b c2 74
0x00007ffcdf3f6192:   1a 49 8d 8d e0 00 00 00 e8 b1 5d b0 ff 49 63 56
0x00007ffcdf3f61a2:   28 49 8b 8d 08 01 00 00 89 04 91 3b 45 e8 72 07
0x00007ffcdf3f61b2:   ff cb 83 fb 01 7d 87 44 8b 65 a4 4c 8b 6d 28 45
0x00007ffcdf3f61c2:   8b f4 48 8b 45 20 44 8b cb 48 8b 8d 30 03 00 00
0x00007ffcdf3f61d2:   4c 8b c6 c6 44 24 48 00 49 8b d7 48 89 44 24 40
0x00007ffcdf3f61e2:   48 8b 45 d8 48 89 44 24 38 8b 85 48 03 00 00 89
0x00007ffcdf3f61f2:   44 24 30 48 8d 85 a0 00 00 00 48 89 44 24 28 48
0x00007ffcdf3f6202:   8d 85 38 03 00 00 48 89 44 24 20 0f 29 bd a0 00
0x00007ffcdf3f6212:   00 00 f2 0f 11 b5 b0 00 00 00 e8 cf 09 00 00 4c
0x00007ffcdf3f6222:   8b f8 48 85 c0 0f 84 e9 fd ff ff 48 8b 7d 18 48
0x00007ffcdf3f6232:   8b 5d a8 4d 8b 4d 08 4b 8b 0c f1 48 85 c9 74 26
0x00007ffcdf3f6242:   4c 8b 41 10 4d 85 c0 74 1d 8b 41 20 49 8d 14 c0
0x00007ffcdf3f6252:   4c 39 6a f8 48 8d 52 f8 75 f6 ff c8 89 41 20 49
0x00007ffcdf3f6262:   8b 0c c0 48 89 0a 4f 89 3c f1 4d 85 ff 74 2d 49
0x00007ffcdf3f6272:   8b 4f 10 48 85 c9 74 24 41 8b 47 20 41 3b 47 24
0x00007ffcdf3f6282:   75 12 8b d0 49 8b cf e8 f2 28 f9 ff 41 8b 47 20
0x00007ffcdf3f6292:   49 8b 4f 10 4c 89 2c c1 41 ff 47 20 e8 9d c0 95
0x00007ffcdf3f62a2:   ff 48 8b 4d c8 4c 8b b5 30 03 00 00 48 8b 04 d9
0x00007ffcdf3f62b2:   48 8b 4d c0 0f b6 0c 01 3b 4d e0 74 68 84 c9 0f
0x00007ffcdf3f62c2:   29 bd 80 00 00 00 8b 8d 48 03 00 00 4c 8b cf 89
0x00007ffcdf3f62d2:   4c 24 50 0f 94 c0 48 8d 8d 80 00 00 00 f2 0f 11
0x00007ffcdf3f62e2:   b5 90 00 00 00 48 89 4c 24 48 4d 8b c7 c6 44 24
0x00007ffcdf3f62f2:   40 00 ba 08 00 00 00 88 44 24 38 49 8b ce 8b 85
0x00007ffcdf3f6302:   38 03 00 00 89 44 24 30 44 89 64 24 28 4c 89 6c
0x00007ffcdf3f6312:   24 20 e8 97 0c 00 00 89 85 38 03 00 00 85 c0 0f
0x00007ffcdf3f6322:   84 ef fc ff ff 41 ff c4 48 8b cf 44 89 65 a4 e8
0x00007ffcdf3f6332:   ca 89 a6 ff 4c 8b 7d c0 44 3b e0 0f 82 5f fd ff
0x00007ffcdf3f6342:   ff 8b 45 a0 45 33 e4 4c 8b 6d 08 ff c0 89 45 a0 


Stack slot to memory mapping:
stack at sp + 0 slots: 0x000000000000068d is an unknown value
stack at sp + 1 slots: 0x0000000000000356 is an unknown value
stack at sp + 2 slots: 0x000000ab690fb790 is pointing into the stack for thread: 0x0000027e3bf33450
stack at sp + 3 slots: 0x0000027e3cfd56d0 points into unknown readable memory: 0x00007ffcdf5eb920 | 20 b9 5e df fc 7f 00 00
stack at sp + 4 slots: 0x0000027e3cf30160 points into unknown readable memory: 0x00007ffcdf600370 | 70 03 60 df fc 7f 00 00
stack at sp + 5 slots: 0x000000ab00000001 is an unknown value
stack at sp + 6 slots: 0x0000027e00001dc0 is an unknown value
stack at sp + 7 slots: 0x0000027e3be54f01 points into unknown readable memory: 00 00 00 7e 02 00 00


---------------  P R O C E S S  ---------------

Threads class SMR info:
_java_thread_list=0x0000027e3c528530, length=17, elements={
0x0000027e1ae72370, 0x0000027e3ad38b20, 0x0000027e3ad399e0, 0x0000027e3ad4a3a0,
0x0000027e3ad4aeb0, 0x0000027e3ad4e8d0, 0x0000027e3ad512e0, 0x0000027e3ad55b20,
0x0000027e3ad58620, 0x0000027e3ad630a0, 0x0000027e3b8829d0, 0x0000027e3ba91920,
0x0000027e3ba95930, 0x0000027e3bf33450, 0x0000027e3c4573b0, 0x0000027e3c0fba00,
0x0000027e3c26f7a0
}

Java Threads: ( => current thread )
  0x0000027e1ae72370 JavaThread "main" [_thread_in_native, id=12016, stack(0x000000ab67700000,0x000000ab67800000)]
  0x0000027e3ad38b20 JavaThread "Reference Handler" daemon [_thread_blocked, id=2236, stack(0x000000ab67e00000,0x000000ab67f00000)]
  0x0000027e3ad399e0 JavaThread "Finalizer" daemon [_thread_blocked, id=11220, stack(0x000000ab67f00000,0x000000ab68000000)]
  0x0000027e3ad4a3a0 JavaThread "Signal Dispatcher" daemon [_thread_blocked, id=23788, stack(0x000000ab68000000,0x000000ab68100000)]
  0x0000027e3ad4aeb0 JavaThread "Attach Listener" daemon [_thread_blocked, id=8156, stack(0x000000ab68100000,0x000000ab68200000)]
  0x0000027e3ad4e8d0 JavaThread "Service Thread" daemon [_thread_blocked, id=16076, stack(0x000000ab68200000,0x000000ab68300000)]
  0x0000027e3ad512e0 JavaThread "Monitor Deflation Thread" daemon [_thread_blocked, id=16100, stack(0x000000ab68300000,0x000000ab68400000)]
  0x0000027e3ad55b20 JavaThread "C2 CompilerThread0" daemon [_thread_in_native, id=26056, stack(0x000000ab68400000,0x000000ab68500000)]
  0x0000027e3ad58620 JavaThread "C1 CompilerThread0" daemon [_thread_blocked, id=18884, stack(0x000000ab68500000,0x000000ab68600000)]
  0x0000027e3ad630a0 JavaThread "Sweeper thread" daemon [_thread_blocked, id=26140, stack(0x000000ab68600000,0x000000ab68700000)]
  0x0000027e3b8829d0 JavaThread "Common-Cleaner" daemon [_thread_blocked, id=25476, stack(0x000000ab68700000,0x000000ab68800000)]
  0x0000027e3ba91920 JavaThread "Monitor Ctrl-Break" daemon [_thread_in_native, id=27208, stack(0x000000ab68900000,0x000000ab68a00000)]
  0x0000027e3ba95930 JavaThread "Notification Thread" daemon [_thread_blocked, id=18340, stack(0x000000ab68a00000,0x000000ab68b00000)]
=>0x0000027e3bf33450 JavaThread "C2 CompilerThread1" daemon [_thread_in_native, id=10128, stack(0x000000ab69000000,0x000000ab69100000)]
  0x0000027e3c4573b0 JavaThread "C2 CompilerThread2" daemon [_thread_in_native, id=22900, stack(0x000000ab69300000,0x000000ab69400000)]
  0x0000027e3c0fba00 JavaThread "MVStore background writer nio:C:/Users/user/test.mv.db" daemon [_thread_blocked, id=9380, stack(0x000000ab69400000,0x000000ab69500000)]
  0x0000027e3c26f7a0 JavaThread "pool-1-thread-1" [_thread_blocked, id=3288, stack(0x000000ab69500000,0x000000ab69600000)]

Other Threads:
  0x0000027e3ad34ed0 VMThread "VM Thread" [stack: 0x000000ab67d00000,0x000000ab67e00000] [id=144]
  0x0000027e3ba986e0 WatcherThread [stack: 0x000000ab68b00000,0x000000ab68c00000] [id=19624]
  0x0000027e1aeb15f0 GCTaskThread "GC Thread#0" [stack: 0x000000ab67800000,0x000000ab67900000] [id=25196]
  0x0000027e3bae3c20 GCTaskThread "GC Thread#1" [stack: 0x000000ab68800000,0x000000ab68900000] [id=11204]
  0x0000027e3bbfe930 GCTaskThread "GC Thread#2" [stack: 0x000000ab68c00000,0x000000ab68d00000] [id=15888]
  0x0000027e3b8714a0 GCTaskThread "GC Thread#3" [stack: 0x000000ab68d00000,0x000000ab68e00000] [id=16336]
  0x0000027e3b8717b0 GCTaskThread "GC Thread#4" [stack: 0x000000ab68e00000,0x000000ab68f00000] [id=7364]
  0x0000027e3b934290 GCTaskThread "GC Thread#5" [stack: 0x000000ab68f00000,0x000000ab69000000] [id=22068]
  0x0000027e3c079070 GCTaskThread "GC Thread#6" [stack: 0x000000ab69100000,0x000000ab69200000] [id=21608]
  0x0000027e3c31ead0 GCTaskThread "GC Thread#7" [stack: 0x000000ab69200000,0x000000ab69300000] [id=4036]
  0x0000027e1aec2200 ConcurrentGCThread "G1 Main Marker" [stack: 0x000000ab67900000,0x000000ab67a00000] [id=26804]
  0x0000027e1aec3490 ConcurrentGCThread "G1 Conc#0" [stack: 0x000000ab67a00000,0x000000ab67b00000] [id=24124]
  0x0000027e3abf0090 ConcurrentGCThread "G1 Refine#0" [stack: 0x000000ab67b00000,0x000000ab67c00000] [id=12932]
  0x0000027e3abf0b90 ConcurrentGCThread "G1 Service" [stack: 0x000000ab67c00000,0x000000ab67d00000] [id=27876]

Threads with active compile tasks:
C2 CompilerThread0     8424 1801   !   4       jdk.internal.loader.BuiltinClassLoader::loadClassOrNull (143 bytes)
C2 CompilerThread1     8424 1455       4       jdk.internal.org.objectweb.asm.Frame::execute (2305 bytes)
C2 CompilerThread2     8424 1803       4       jdk.internal.loader.BuiltinClassLoader::findLoadedModule (33 bytes)

VM state: not at safepoint (normal execution)

VM Mutex/Monitor currently owned by a thread: None

Heap address: 0x0000000083000000, size: 2000 MB, Compressed Oops mode: 32-bit

CDS archive(s) mapped at: [0x0000000800000000-0x0000000800bb0000-0x0000000800bb0000), size 12255232, SharedBaseAddress: 0x0000000800000000, ArchiveRelocationMode: 0.
Compressed class space mapped at: 0x0000000800c00000-0x0000000840c00000, reserved size: 1073741824
Narrow klass base: 0x0000000800000000, Narrow klass shift: 3, Narrow klass range: 0x100000000

GC Precious Log:
 CPUs: 8 total, 8 available
 Memory: 7993M
 Large Page Support: Disabled
 NUMA Support: Disabled
 Compressed Oops: Enabled (32-bit)
 Heap Region Size: 1M
 Heap Min Capacity: 8M
 Heap Initial Capacity: 126M
 Heap Max Capacity: 2000M
 Pre-touch: Disabled
 Parallel Workers: 8
 Concurrent Workers: 2
 Concurrent Refinement Workers: 8
 Periodic GC: Disabled

Heap:
 garbage-first heap   total 129024K, used 51200K [0x0000000083000000, 0x0000000100000000)
  region size 1024K, 48 young (49152K), 4 survivors (4096K)
 Metaspace       used 20606K, committed 20800K, reserved 1073152K
  class space    used 2743K, committed 2816K, reserved 1048576K

Heap Regions: E=young(eden), S=young(survivor), O=old, HS=humongous(starts), HC=humongous(continues), CS=collection set, F=free, OA=open archive, CA=closed archive, TAMS=top-at-mark-start (previous, next)
|   0|0x0000000083000000, 0x0000000083100000, 0x0000000083100000|100%|HS|  |TAMS 0x0000000083000000, 0x0000000083000000| Complete 
|   1|0x0000000083100000, 0x0000000083200000, 0x0000000083200000|100%|HS|  |TAMS 0x0000000083100000, 0x0000000083100000| Complete 
|   2|0x0000000083200000, 0x0000000083300000, 0x0000000083300000|100%|HC|  |TAMS 0x0000000083200000, 0x0000000083200000| Complete 
|   3|0x0000000083300000, 0x0000000083300000, 0x0000000083400000|  0%| F|  |TAMS 0x0000000083300000, 0x0000000083300000| Untracked 
|   4|0x0000000083400000, 0x0000000083400000, 0x0000000083500000|  0%| F|  |TAMS 0x0000000083400000, 0x0000000083400000| Untracked 
|   5|0x0000000083500000, 0x0000000083500000, 0x0000000083600000|  0%| F|  |TAMS 0x0000000083500000, 0x0000000083500000| Untracked 
|   6|0x0000000083600000, 0x0000000083600000, 0x0000000083700000|  0%| F|  |TAMS 0x0000000083600000, 0x0000000083600000| Untracked 
|   7|0x0000000083700000, 0x0000000083700000, 0x0000000083800000|  0%| F|  |TAMS 0x0000000083700000, 0x0000000083700000| Untracked 
|   8|0x0000000083800000, 0x0000000083800000, 0x0000000083900000|  0%| F|  |TAMS 0x0000000083800000, 0x0000000083800000| Untracked 
|   9|0x0000000083900000, 0x0000000083900000, 0x0000000083a00000|  0%| F|  |TAMS 0x0000000083900000, 0x0000000083900000| Untracked 
|  10|0x0000000083a00000, 0x0000000083a00000, 0x0000000083b00000|  0%| F|  |TAMS 0x0000000083a00000, 0x0000000083a00000| Untracked 
|  11|0x0000000083b00000, 0x0000000083b00000, 0x0000000083c00000|  0%| F|  |TAMS 0x0000000083b00000, 0x0000000083b00000| Untracked 
|  12|0x0000000083c00000, 0x0000000083c00000, 0x0000000083d00000|  0%| F|  |TAMS 0x0000000083c00000, 0x0000000083c00000| Untracked 
|  13|0x0000000083d00000, 0x0000000083d00000, 0x0000000083e00000|  0%| F|  |TAMS 0x0000000083d00000, 0x0000000083d00000| Untracked 
|  14|0x0000000083e00000, 0x0000000083e00000, 0x0000000083f00000|  0%| F|  |TAMS 0x0000000083e00000, 0x0000000083e00000| Untracked 
|  15|0x0000000083f00000, 0x0000000083f00000, 0x0000000084000000|  0%| F|  |TAMS 0x0000000083f00000, 0x0000000083f00000| Untracked 
|  16|0x0000000084000000, 0x0000000084000000, 0x0000000084100000|  0%| F|  |TAMS 0x0000000084000000, 0x0000000084000000| Untracked 
|  17|0x0000000084100000, 0x0000000084100000, 0x0000000084200000|  0%| F|  |TAMS 0x0000000084100000, 0x0000000084100000| Untracked 
|  18|0x0000000084200000, 0x0000000084200000, 0x0000000084300000|  0%| F|  |TAMS 0x0000000084200000, 0x0000000084200000| Untracked 
|  19|0x0000000084300000, 0x0000000084300000, 0x0000000084400000|  0%| F|  |TAMS 0x0000000084300000, 0x0000000084300000| Untracked 
|  20|0x0000000084400000, 0x0000000084400000, 0x0000000084500000|  0%| F|  |TAMS 0x0000000084400000, 0x0000000084400000| Untracked 
|  21|0x0000000084500000, 0x0000000084500000, 0x0000000084600000|  0%| F|  |TAMS 0x0000000084500000, 0x0000000084500000| Untracked 
|  22|0x0000000084600000, 0x0000000084600000, 0x0000000084700000|  0%| F|  |TAMS 0x0000000084600000, 0x0000000084600000| Untracked 
|  23|0x0000000084700000, 0x0000000084700000, 0x0000000084800000|  0%| F|  |TAMS 0x0000000084700000, 0x0000000084700000| Untracked 
|  24|0x0000000084800000, 0x0000000084800000, 0x0000000084900000|  0%| F|  |TAMS 0x0000000084800000, 0x0000000084800000| Untracked 
|  25|0x0000000084900000, 0x0000000084900000, 0x0000000084a00000|  0%| F|  |TAMS 0x0000000084900000, 0x0000000084900000| Untracked 
|  26|0x0000000084a00000, 0x0000000084a00000, 0x0000000084b00000|  0%| F|  |TAMS 0x0000000084a00000, 0x0000000084a00000| Untracked 
|  27|0x0000000084b00000, 0x0000000084b00000, 0x0000000084c00000|  0%| F|  |TAMS 0x0000000084b00000, 0x0000000084b00000| Untracked 
|  28|0x0000000084c00000, 0x0000000084c00000, 0x0000000084d00000|  0%| F|  |TAMS 0x0000000084c00000, 0x0000000084c00000| Untracked 
|  29|0x0000000084d00000, 0x0000000084d00000, 0x0000000084e00000|  0%| F|  |TAMS 0x0000000084d00000, 0x0000000084d00000| Untracked 
|  30|0x0000000084e00000, 0x0000000084e00000, 0x0000000084f00000|  0%| F|  |TAMS 0x0000000084e00000, 0x0000000084e00000| Untracked 
|  31|0x0000000084f00000, 0x0000000084f00000, 0x0000000085000000|  0%| F|  |TAMS 0x0000000084f00000, 0x0000000084f00000| Untracked 
|  32|0x0000000085000000, 0x0000000085000000, 0x0000000085100000|  0%| F|  |TAMS 0x0000000085000000, 0x0000000085000000| Untracked 
|  33|0x0000000085100000, 0x0000000085100000, 0x0000000085200000|  0%| F|  |TAMS 0x0000000085100000, 0x0000000085100000| Untracked 
|  34|0x0000000085200000, 0x0000000085200000, 0x0000000085300000|  0%| F|  |TAMS 0x0000000085200000, 0x0000000085200000| Untracked 
|  35|0x0000000085300000, 0x0000000085300000, 0x0000000085400000|  0%| F|  |TAMS 0x0000000085300000, 0x0000000085300000| Untracked 
|  36|0x0000000085400000, 0x0000000085400000, 0x0000000085500000|  0%| F|  |TAMS 0x0000000085400000, 0x0000000085400000| Untracked 
|  37|0x0000000085500000, 0x0000000085500000, 0x0000000085600000|  0%| F|  |TAMS 0x0000000085500000, 0x0000000085500000| Untracked 
|  38|0x0000000085600000, 0x0000000085600000, 0x0000000085700000|  0%| F|  |TAMS 0x0000000085600000, 0x0000000085600000| Untracked 
|  39|0x0000000085700000, 0x0000000085700000, 0x0000000085800000|  0%| F|  |TAMS 0x0000000085700000, 0x0000000085700000| Untracked 
|  40|0x0000000085800000, 0x0000000085800000, 0x0000000085900000|  0%| F|  |TAMS 0x0000000085800000, 0x0000000085800000| Untracked 
|  41|0x0000000085900000, 0x0000000085900000, 0x0000000085a00000|  0%| F|  |TAMS 0x0000000085900000, 0x0000000085900000| Untracked 
|  42|0x0000000085a00000, 0x0000000085a00000, 0x0000000085b00000|  0%| F|  |TAMS 0x0000000085a00000, 0x0000000085a00000| Untracked 
|  43|0x0000000085b00000, 0x0000000085b00000, 0x0000000085c00000|  0%| F|  |TAMS 0x0000000085b00000, 0x0000000085b00000| Untracked 
|  44|0x0000000085c00000, 0x0000000085c00000, 0x0000000085d00000|  0%| F|  |TAMS 0x0000000085c00000, 0x0000000085c00000| Untracked 
|  45|0x0000000085d00000, 0x0000000085d00000, 0x0000000085e00000|  0%| F|  |TAMS 0x0000000085d00000, 0x0000000085d00000| Untracked 
|  46|0x0000000085e00000, 0x0000000085e00000, 0x0000000085f00000|  0%| F|  |TAMS 0x0000000085e00000, 0x0000000085e00000| Untracked 
|  47|0x0000000085f00000, 0x0000000085f00000, 0x0000000086000000|  0%| F|  |TAMS 0x0000000085f00000, 0x0000000085f00000| Untracked 
|  48|0x0000000086000000, 0x0000000086000000, 0x0000000086100000|  0%| F|  |TAMS 0x0000000086000000, 0x0000000086000000| Untracked 
|  49|0x0000000086100000, 0x0000000086100000, 0x0000000086200000|  0%| F|  |TAMS 0x0000000086100000, 0x0000000086100000| Untracked 
|  50|0x0000000086200000, 0x0000000086200000, 0x0000000086300000|  0%| F|  |TAMS 0x0000000086200000, 0x0000000086200000| Untracked 
|  51|0x0000000086300000, 0x0000000086300000, 0x0000000086400000|  0%| F|  |TAMS 0x0000000086300000, 0x0000000086300000| Untracked 
|  52|0x0000000086400000, 0x0000000086400000, 0x0000000086500000|  0%| F|  |TAMS 0x0000000086400000, 0x0000000086400000| Untracked 
|  53|0x0000000086500000, 0x0000000086500000, 0x0000000086600000|  0%| F|  |TAMS 0x0000000086500000, 0x0000000086500000| Untracked 
|  54|0x0000000086600000, 0x0000000086600000, 0x0000000086700000|  0%| F|  |TAMS 0x0000000086600000, 0x0000000086600000| Untracked 
|  55|0x0000000086700000, 0x0000000086700000, 0x0000000086800000|  0%| F|  |TAMS 0x0000000086700000, 0x0000000086700000| Untracked 
|  56|0x0000000086800000, 0x0000000086800000, 0x0000000086900000|  0%| F|  |TAMS 0x0000000086800000, 0x0000000086800000| Untracked 
|  57|0x0000000086900000, 0x0000000086900000, 0x0000000086a00000|  0%| F|  |TAMS 0x0000000086900000, 0x0000000086900000| Untracked 
|  58|0x0000000086a00000, 0x0000000086a00000, 0x0000000086b00000|  0%| F|  |TAMS 0x0000000086a00000, 0x0000000086a00000| Untracked 
|  59|0x0000000086b00000, 0x0000000086b00000, 0x0000000086c00000|  0%| F|  |TAMS 0x0000000086b00000, 0x0000000086b00000| Untracked 
|  60|0x0000000086c00000, 0x0000000086c00000, 0x0000000086d00000|  0%| F|  |TAMS 0x0000000086c00000, 0x0000000086c00000| Untracked 
|  61|0x0000000086d00000, 0x0000000086d00000, 0x0000000086e00000|  0%| F|  |TAMS 0x0000000086d00000, 0x0000000086d00000| Untracked 
|  62|0x0000000086e00000, 0x0000000086e00000, 0x0000000086f00000|  0%| F|  |TAMS 0x0000000086e00000, 0x0000000086e00000| Untracked 
|  63|0x0000000086f00000, 0x0000000086f00000, 0x0000000087000000|  0%| F|  |TAMS 0x0000000086f00000, 0x0000000086f00000| Untracked 
|  64|0x0000000087000000, 0x0000000087000000, 0x0000000087100000|  0%| F|  |TAMS 0x0000000087000000, 0x0000000087000000| Untracked 
|  65|0x0000000087100000, 0x0000000087100000, 0x0000000087200000|  0%| F|  |TAMS 0x0000000087100000, 0x0000000087100000| Untracked 
|  66|0x0000000087200000, 0x0000000087200000, 0x0000000087300000|  0%| F|  |TAMS 0x0000000087200000, 0x0000000087200000| Untracked 
|  67|0x0000000087300000, 0x0000000087300000, 0x0000000087400000|  0%| F|  |TAMS 0x0000000087300000, 0x0000000087300000| Untracked 
|  68|0x0000000087400000, 0x0000000087400000, 0x0000000087500000|  0%| F|  |TAMS 0x0000000087400000, 0x0000000087400000| Untracked 
|  69|0x0000000087500000, 0x0000000087500000, 0x0000000087600000|  0%| F|  |TAMS 0x0000000087500000, 0x0000000087500000| Untracked 
|  70|0x0000000087600000, 0x0000000087600000, 0x0000000087700000|  0%| F|  |TAMS 0x0000000087600000, 0x0000000087600000| Untracked 
|  71|0x0000000087700000, 0x0000000087700000, 0x0000000087800000|  0%| F|  |TAMS 0x0000000087700000, 0x0000000087700000| Untracked 
|  72|0x0000000087800000, 0x0000000087800000, 0x0000000087900000|  0%| F|  |TAMS 0x0000000087800000, 0x0000000087800000| Untracked 
|  73|0x0000000087900000, 0x0000000087900000, 0x0000000087a00000|  0%| F|  |TAMS 0x0000000087900000, 0x0000000087900000| Untracked 
|  74|0x0000000087a00000, 0x0000000087a00000, 0x0000000087b00000|  0%| F|  |TAMS 0x0000000087a00000, 0x0000000087a00000| Untracked 
|  75|0x0000000087b00000, 0x0000000087b00000, 0x0000000087c00000|  0%| F|  |TAMS 0x0000000087b00000, 0x0000000087b00000| Untracked 
|  76|0x0000000087c00000, 0x0000000087c00000, 0x0000000087d00000|  0%| F|  |TAMS 0x0000000087c00000, 0x0000000087c00000| Untracked 
|  77|0x0000000087d00000, 0x0000000087d00000, 0x0000000087e00000|  0%| F|  |TAMS 0x0000000087d00000, 0x0000000087d00000| Untracked 
|  78|0x0000000087e00000, 0x0000000087e80800, 0x0000000087f00000| 50%| E|  |TAMS 0x0000000087e00000, 0x0000000087e00000| Complete 
|  79|0x0000000087f00000, 0x0000000088000000, 0x0000000088000000|100%| E|CS|TAMS 0x0000000087f00000, 0x0000000087f00000| Complete 
|  80|0x0000000088000000, 0x0000000088100000, 0x0000000088100000|100%| E|CS|TAMS 0x0000000088000000, 0x0000000088000000| Complete 
|  81|0x0000000088100000, 0x0000000088200000, 0x0000000088200000|100%| E|CS|TAMS 0x0000000088100000, 0x0000000088100000| Complete 
|  82|0x0000000088200000, 0x0000000088300000, 0x0000000088300000|100%| E|CS|TAMS 0x0000000088200000, 0x0000000088200000| Complete 
|  83|0x0000000088300000, 0x0000000088400000, 0x0000000088400000|100%| E|CS|TAMS 0x0000000088300000, 0x0000000088300000| Complete 
|  84|0x0000000088400000, 0x0000000088500000, 0x0000000088500000|100%| E|CS|TAMS 0x0000000088400000, 0x0000000088400000| Complete 
|  85|0x0000000088500000, 0x0000000088600000, 0x0000000088600000|100%| E|CS|TAMS 0x0000000088500000, 0x0000000088500000| Complete 
|  86|0x0000000088600000, 0x0000000088700000, 0x0000000088700000|100%| S|CS|TAMS 0x0000000088600000, 0x0000000088600000| Complete 
|  87|0x0000000088700000, 0x0000000088800000, 0x0000000088800000|100%| S|CS|TAMS 0x0000000088700000, 0x0000000088700000| Complete 
|  88|0x0000000088800000, 0x0000000088900000, 0x0000000088900000|100%| S|CS|TAMS 0x0000000088800000, 0x0000000088800000| Complete 
|  89|0x0000000088900000, 0x0000000088a00000, 0x0000000088a00000|100%| S|CS|TAMS 0x0000000088900000, 0x0000000088900000| Complete 
|  90|0x0000000088a00000, 0x0000000088b00000, 0x0000000088b00000|100%| E|CS|TAMS 0x0000000088a00000, 0x0000000088a00000| Complete 
|  91|0x0000000088b00000, 0x0000000088c00000, 0x0000000088c00000|100%| E|CS|TAMS 0x0000000088b00000, 0x0000000088b00000| Complete 
|  92|0x0000000088c00000, 0x0000000088d00000, 0x0000000088d00000|100%| E|CS|TAMS 0x0000000088c00000, 0x0000000088c00000| Complete 
|  93|0x0000000088d00000, 0x0000000088e00000, 0x0000000088e00000|100%| E|CS|TAMS 0x0000000088d00000, 0x0000000088d00000| Complete 
|  94|0x0000000088e00000, 0x0000000088f00000, 0x0000000088f00000|100%| E|CS|TAMS 0x0000000088e00000, 0x0000000088e00000| Complete 
|  95|0x0000000088f00000, 0x0000000089000000, 0x0000000089000000|100%| E|CS|TAMS 0x0000000088f00000, 0x0000000088f00000| Complete 
|  96|0x0000000089000000, 0x0000000089100000, 0x0000000089100000|100%| E|CS|TAMS 0x0000000089000000, 0x0000000089000000| Complete 
|  97|0x0000000089100000, 0x0000000089200000, 0x0000000089200000|100%| E|CS|TAMS 0x0000000089100000, 0x0000000089100000| Complete 
|  98|0x0000000089200000, 0x0000000089300000, 0x0000000089300000|100%| E|CS|TAMS 0x0000000089200000, 0x0000000089200000| Complete 
|  99|0x0000000089300000, 0x0000000089400000, 0x0000000089400000|100%| E|CS|TAMS 0x0000000089300000, 0x0000000089300000| Complete 
| 100|0x0000000089400000, 0x0000000089500000, 0x0000000089500000|100%| E|CS|TAMS 0x0000000089400000, 0x0000000089400000| Complete 
| 101|0x0000000089500000, 0x0000000089600000, 0x0000000089600000|100%| E|CS|TAMS 0x0000000089500000, 0x0000000089500000| Complete 
| 102|0x0000000089600000, 0x0000000089700000, 0x0000000089700000|100%| E|CS|TAMS 0x0000000089600000, 0x0000000089600000| Complete 
| 103|0x0000000089700000, 0x0000000089800000, 0x0000000089800000|100%| E|CS|TAMS 0x0000000089700000, 0x0000000089700000| Complete 
| 104|0x0000000089800000, 0x0000000089900000, 0x0000000089900000|100%| E|CS|TAMS 0x0000000089800000, 0x0000000089800000| Complete 
| 105|0x0000000089900000, 0x0000000089a00000, 0x0000000089a00000|100%| E|CS|TAMS 0x0000000089900000, 0x0000000089900000| Complete 
| 106|0x0000000089a00000, 0x0000000089b00000, 0x0000000089b00000|100%| E|CS|TAMS 0x0000000089a00000, 0x0000000089a00000| Complete 
| 107|0x0000000089b00000, 0x0000000089c00000, 0x0000000089c00000|100%| E|CS|TAMS 0x0000000089b00000, 0x0000000089b00000| Complete 
| 108|0x0000000089c00000, 0x0000000089d00000, 0x0000000089d00000|100%| E|CS|TAMS 0x0000000089c00000, 0x0000000089c00000| Complete 
| 109|0x0000000089d00000, 0x0000000089e00000, 0x0000000089e00000|100%| E|CS|TAMS 0x0000000089d00000, 0x0000000089d00000| Complete 
| 110|0x0000000089e00000, 0x0000000089f00000, 0x0000000089f00000|100%| E|CS|TAMS 0x0000000089e00000, 0x0000000089e00000| Complete 
| 111|0x0000000089f00000, 0x000000008a000000, 0x000000008a000000|100%| E|CS|TAMS 0x0000000089f00000, 0x0000000089f00000| Complete 
| 112|0x000000008a000000, 0x000000008a100000, 0x000000008a100000|100%| E|CS|TAMS 0x000000008a000000, 0x000000008a000000| Complete 
| 113|0x000000008a100000, 0x000000008a200000, 0x000000008a200000|100%| E|CS|TAMS 0x000000008a100000, 0x000000008a100000| Complete 
| 114|0x000000008a200000, 0x000000008a300000, 0x000000008a300000|100%| E|CS|TAMS 0x000000008a200000, 0x000000008a200000| Complete 
| 115|0x000000008a300000, 0x000000008a400000, 0x000000008a400000|100%| E|CS|TAMS 0x000000008a300000, 0x000000008a300000| Complete 
| 116|0x000000008a400000, 0x000000008a500000, 0x000000008a500000|100%| E|CS|TAMS 0x000000008a400000, 0x000000008a400000| Complete 
| 117|0x000000008a500000, 0x000000008a600000, 0x000000008a600000|100%| E|CS|TAMS 0x000000008a500000, 0x000000008a500000| Complete 
| 118|0x000000008a600000, 0x000000008a700000, 0x000000008a700000|100%| E|CS|TAMS 0x000000008a600000, 0x000000008a600000| Complete 
| 119|0x000000008a700000, 0x000000008a800000, 0x000000008a800000|100%| E|CS|TAMS 0x000000008a700000, 0x000000008a700000| Complete 
| 120|0x000000008a800000, 0x000000008a900000, 0x000000008a900000|100%| E|CS|TAMS 0x000000008a800000, 0x000000008a800000| Complete 
| 121|0x000000008a900000, 0x000000008aa00000, 0x000000008aa00000|100%| E|CS|TAMS 0x000000008a900000, 0x000000008a900000| Complete 
| 122|0x000000008aa00000, 0x000000008ab00000, 0x000000008ab00000|100%| E|CS|TAMS 0x000000008aa00000, 0x000000008aa00000| Complete 
| 123|0x000000008ab00000, 0x000000008ac00000, 0x000000008ac00000|100%| E|CS|TAMS 0x000000008ab00000, 0x000000008ab00000| Complete 
| 124|0x000000008ac00000, 0x000000008ad00000, 0x000000008ad00000|100%| E|CS|TAMS 0x000000008ac00000, 0x000000008ac00000| Complete 
| 125|0x000000008ad00000, 0x000000008ae00000, 0x000000008ae00000|100%| E|CS|TAMS 0x000000008ad00000, 0x000000008ad00000| Complete 

Card table byte_map: [0x0000027e33c60000,0x0000027e34050000] _byte_map_base: 0x0000027e33848000

Marking Bits (Prev, Next): (CMBitMap*) 0x0000027e1aeb1ce0, (CMBitMap*) 0x0000027e1aeb1d20
 Prev Bits: [0x0000027e34440000, 0x0000027e36380000)
 Next Bits: [0x0000027e36380000, 0x0000027e382c0000)

Polling page: 0x0000027e1af50000

Metaspace:

Usage:
  Non-class:     17.49 MB used.
      Class:      2.69 MB used.
       Both:     20.18 MB used.

Virtual space:
  Non-class space:       24.00 MB reserved,      17.62 MB ( 73%) committed,  3 nodes.
      Class space:        1.00 GB reserved,       2.75 MB ( <1%) committed,  1 nodes.
              Both:        1.02 GB reserved,      20.38 MB (  2%) committed. 

Chunk freelists:
   Non-Class:  2.34 MB
       Class:  1.14 MB
        Both:  3.48 MB

MaxMetaspaceSize: 17179869184.00 GB
CompressedClassSpaceSize: 1.00 GB
 - commit_granule_bytes: 65536.
 - commit_granule_words: 8192.
 - virtual_space_node_default_size: 1048576.
 - enlarge_chunks_in_place: 1.
 - new_chunks_are_fully_committed: 0.
 - uncommit_free_chunks: 1.
 - use_allocation_guard: 0.
 - handle_deallocations: 1.


Internal statistics:

num_allocs_failed_limit: 0.
num_arena_births: 140.
num_arena_deaths: 0.
num_vsnodes_births: 4.
num_vsnodes_deaths: 0.
num_space_committed: 326.
num_space_uncommitted: 0.
num_chunks_returned_to_freelist: 0.
num_chunks_taken_from_freelist: 791.
num_chunk_merges: 0.
num_chunk_splits: 605.
num_chunks_enlarged: 493.
num_purges: 0.

CodeHeap 'non-profiled nmethods': size=120000Kb used=859Kb max_used=859Kb free=119140Kb
 bounds [0x0000027e2b8d0000, 0x0000027e2bb40000, 0x0000027e32e00000]
CodeHeap 'profiled nmethods': size=120000Kb used=3079Kb max_used=3079Kb free=116920Kb
 bounds [0x0000027e243a0000, 0x0000027e246b0000, 0x0000027e2b8d0000]
CodeHeap 'non-nmethods': size=5760Kb used=1266Kb max_used=1326Kb free=4493Kb
 bounds [0x0000027e23e00000, 0x0000027e24070000, 0x0000027e243a0000]
 total_blobs=2375 nmethods=1801 adapters=486
 compilation: enabled
              stopped_count=0, restarted_count=0
 full_count=0

Compilation events (20 events):
Event: 8.355 Thread 0x0000027e3ad58620 1703       3       net.bytebuddy.description.type.TypeDescription$Generic$OfNonGenericType::getStackSize (10 bytes)
Event: 8.355 Thread 0x0000027e3ad58620 nmethod 1703 0x0000027e24676010 code [0x0000027e246761c0, 0x0000027e24676458]
Event: 8.355 Thread 0x0000027e3ad58620 1704       3       java.util.ArrayList::toArray (57 bytes)
Event: 8.355 Thread 0x0000027e3ad58620 nmethod 1704 0x0000027e24676510 code [0x0000027e24676700, 0x0000027e24676c98]
Event: 8.355 Thread 0x0000027e3ad58620 1705       3       net.bytebuddy.description.method.MethodDescription$ForLoadedMethod::getInternalName (8 bytes)
Event: 8.355 Thread 0x0000027e3ad58620 nmethod 1705 0x0000027e24676e10 code [0x0000027e24676fa0, 0x0000027e246770d8]
Event: 8.355 Thread 0x0000027e3ad58620 1706       3       java.lang.reflect.Executable::getGenericParameterTypes (20 bytes)
Event: 8.356 Thread 0x0000027e3ad58620 nmethod 1706 0x0000027e24677190 code [0x0000027e246773a0, 0x0000027e24677b08]
Event: 8.356 Thread 0x0000027e3ad58620 1707       1       net.bytebuddy.dynamic.scaffold.InstrumentedType$Default::getModifiers (5 bytes)
Event: 8.356 Thread 0x0000027e3ad58620 nmethod 1707 0x0000027e2b993990 code [0x0000027e2b993b20, 0x0000027e2b993bf8]
Event: 8.358 Thread 0x0000027e3ad58620 1708       3       net.bytebuddy.implementation.bytecode.StackManipulation$Size::aggregate (13 bytes)
Event: 8.358 Thread 0x0000027e3ad58620 nmethod 1708 0x0000027e24677c90 code [0x0000027e24677e40, 0x0000027e24677f88]
Event: 8.358 Thread 0x0000027e3ad58620 1709       3       net.bytebuddy.implementation.bytecode.StackManipulation$Size::aggregate (27 bytes)
Event: 8.359 Thread 0x0000027e3ad58620 nmethod 1709 0x0000027e24678090 code [0x0000027e24678240, 0x0000027e24678538]
Event: 8.359 Thread 0x0000027e3ad58620 1710       1       net.bytebuddy.implementation.Implementation$Context$Default$CacheValueField::getType (5 bytes)
Event: 8.359 Thread 0x0000027e3ad58620 nmethod 1710 0x0000027e2b993c90 code [0x0000027e2b993e20, 0x0000027e2b993ef8]
Event: 8.359 Thread 0x0000027e3ad58620 1711       3       net.bytebuddy.jar.asm.ByteVector::putByte (39 bytes)
Event: 8.359 Thread 0x0000027e3ad58620 nmethod 1711 0x0000027e24678690 code [0x0000027e24678840, 0x0000027e24678a28]
Event: 8.360 Thread 0x0000027e3ad58620 1712       3       net.bytebuddy.jar.asm.ByteVector::putShort (52 bytes)
Event: 8.360 Thread 0x0000027e3ad58620 nmethod 1712 0x0000027e24678b90 code [0x0000027e24678d40, 0x0000027e24678f48]

GC Heap History (4 events):
Event: 7.267 GC heap before
{Heap before GC invocations=0 (full 0):
 garbage-first heap   total 129024K, used 23552K [0x0000000083000000, 0x0000000100000000)
  region size 1024K, 23 young (23552K), 0 survivors (0K)
 Metaspace       used 1276K, committed 1408K, reserved 1056768K
  class space    used 93K, committed 192K, reserved 1048576K
}
Event: 7.270 GC heap after
{Heap after GC invocations=1 (full 0):
 garbage-first heap   total 129024K, used 3528K [0x0000000083000000, 0x0000000100000000)
  region size 1024K, 3 young (3072K), 3 survivors (3072K)
 Metaspace       used 1276K, committed 1408K, reserved 1056768K
  class space    used 93K, committed 192K, reserved 1048576K
}
Event: 7.675 GC heap before
{Heap before GC invocations=1 (full 0):
 garbage-first heap   total 129024K, used 36296K [0x0000000083000000, 0x0000000100000000)
  region size 1024K, 36 young (36864K), 3 survivors (3072K)
 Metaspace       used 7485K, committed 7680K, reserved 1056768K
  class space    used 1037K, committed 1088K, reserved 1048576K
}
Event: 7.678 GC heap after
{Heap after GC invocations=2 (full 0):
 garbage-first heap   total 129024K, used 5120K [0x0000000083000000, 0x0000000100000000)
  region size 1024K, 4 young (4096K), 4 survivors (4096K)
 Metaspace       used 7485K, committed 7680K, reserved 1056768K
  class space    used 1037K, committed 1088K, reserved 1048576K
}

Deoptimization events (20 events):
Event: 8.117 Thread 0x0000027e1ae72370 Uncommon trap: trap_request=0xffffffbe fr.pc=0x0000027e2b96e338 relative=0x0000000000002d18
Event: 8.117 Thread 0x0000027e1ae72370 Uncommon trap: reason=profile_predicate action=maybe_recompile pc=0x0000027e2b96e338 method=sun.net.www.ParseUtil.firstEncodeIndex(Ljava/lang/String;)I @ 9 c2
Event: 8.117 Thread 0x0000027e1ae72370 DEOPT PACKING pc=0x0000027e2b96e338 sp=0x000000ab677fd190
Event: 8.117 Thread 0x0000027e1ae72370 DEOPT UNPACKING pc=0x0000027e23e4d72e sp=0x000000ab677fd030 mode 2
Event: 8.118 Thread 0x0000027e1ae72370 Uncommon trap: trap_request=0xffffffbe fr.pc=0x0000027e2b96e338 relative=0x0000000000002d18
Event: 8.118 Thread 0x0000027e1ae72370 Uncommon trap: reason=profile_predicate action=maybe_recompile pc=0x0000027e2b96e338 method=sun.net.www.ParseUtil.firstEncodeIndex(Ljava/lang/String;)I @ 9 c2
Event: 8.118 Thread 0x0000027e1ae72370 DEOPT PACKING pc=0x0000027e2b96e338 sp=0x000000ab677fd190
Event: 8.118 Thread 0x0000027e1ae72370 DEOPT UNPACKING pc=0x0000027e23e4d72e sp=0x000000ab677fd030 mode 2
Event: 8.118 Thread 0x0000027e1ae72370 Uncommon trap: trap_request=0xffffffbe fr.pc=0x0000027e2b96e338 relative=0x0000000000002d18
Event: 8.118 Thread 0x0000027e1ae72370 Uncommon trap: reason=profile_predicate action=maybe_recompile pc=0x0000027e2b96e338 method=sun.net.www.ParseUtil.firstEncodeIndex(Ljava/lang/String;)I @ 9 c2
Event: 8.118 Thread 0x0000027e1ae72370 DEOPT PACKING pc=0x0000027e2b96e338 sp=0x000000ab677fd190
Event: 8.118 Thread 0x0000027e1ae72370 DEOPT UNPACKING pc=0x0000027e23e4d72e sp=0x000000ab677fd030 mode 2
Event: 8.276 Thread 0x0000027e1ae72370 Uncommon trap: trap_request=0xffffffc6 fr.pc=0x0000027e2b9660f4 relative=0x00000000000007d4
Event: 8.276 Thread 0x0000027e1ae72370 Uncommon trap: reason=bimorphic_or_optimized_type_check action=maybe_recompile pc=0x0000027e2b9660f4 method=java.util.HashMap.putVal(ILjava/lang/Object;Ljava/lang/Object;ZZ)Ljava/lang/Object; @ 91 c2
Event: 8.276 Thread 0x0000027e1ae72370 DEOPT PACKING pc=0x0000027e2b9660f4 sp=0x000000ab677fc8d0
Event: 8.276 Thread 0x0000027e1ae72370 DEOPT UNPACKING pc=0x0000027e23e4d72e sp=0x000000ab677fc850 mode 2
Event: 8.282 Thread 0x0000027e1ae72370 Uncommon trap: trap_request=0xffffffc6 fr.pc=0x0000027e2b9660f4 relative=0x00000000000007d4
Event: 8.282 Thread 0x0000027e1ae72370 Uncommon trap: reason=bimorphic_or_optimized_type_check action=maybe_recompile pc=0x0000027e2b9660f4 method=java.util.HashMap.putVal(ILjava/lang/Object;Ljava/lang/Object;ZZ)Ljava/lang/Object; @ 91 c2
Event: 8.282 Thread 0x0000027e1ae72370 DEOPT PACKING pc=0x0000027e2b9660f4 sp=0x000000ab677fc280
Event: 8.282 Thread 0x0000027e1ae72370 DEOPT UNPACKING pc=0x0000027e23e4d72e sp=0x000000ab677fc200 mode 2

Classes unloaded (0 events):
No events

Classes redefined (0 events):
No events

Internal exceptions (14 events):
Event: 0.145 Thread 0x0000027e3ba91920 Exception <a 'java/lang/NoSuchMethodError'{0x000000008aa832c8}: 'java.lang.Object java.lang.invoke.DirectMethodHandle$Holder.invokeStatic(java.lang.Object)'> (0x000000008aa832c8) 
thrown [t:\workspace\open\src\hotspot\share\interpreter\linkResolver.cpp, line 790]
Event: 0.146 Thread 0x0000027e3ba91920 Exception <a 'java/lang/NoSuchMethodError'{0x000000008aa86bd8}: 'java.lang.Object java.lang.invoke.DirectMethodHandle$Holder.invokeStaticInit(java.lang.Object)'> (0x000000008aa86bd8) 
thrown [t:\workspace\open\src\hotspot\share\interpreter\linkResolver.cpp, line 790]
Event: 0.153 Thread 0x0000027e3ba91920 Exception <a 'java/lang/NoSuchMethodError'{0x000000008aa94850}: 'void java.lang.invoke.DirectMethodHandle$Holder.invokeStatic(java.lang.Object, java.lang.Object)'> (0x000000008aa94850) 
thrown [t:\workspace\open\src\hotspot\share\interpreter\linkResolver.cpp, line 790]
Event: 7.298 Thread 0x0000027e1ae72370 Exception <a 'java/lang/NoSuchMethodError'{0x0000000089e74570}: 'void java.lang.invoke.DirectMethodHandle$Holder.invokeSpecial(java.lang.Object, java.lang.Object, java.lang.Object)'> (0x0000000089e74570) 
thrown [t:\workspace\open\src\hotspot\share\interpreter\linkResolver.cpp, line 790]
Event: 7.311 Thread 0x0000027e1ae72370 Exception <a 'java/lang/NoSuchMethodError'{0x0000000089ece758}: 'java.lang.Object java.lang.invoke.DirectMethodHandle$Holder.invokeStatic(java.lang.Object, java.lang.Object, int)'> (0x0000000089ece758) 
thrown [t:\workspace\open\src\hotspot\share\interpreter\linkResolver.cpp, line 790]
Event: 7.312 Thread 0x0000027e1ae72370 Exception <a 'java/lang/NoSuchMethodError'{0x0000000089eda880}: 'void java.lang.invoke.DelegatingMethodHandle$Holder.delegate(java.lang.Object, java.lang.Object, int, java.lang.Object)'> (0x0000000089eda880) 
thrown [t:\workspace\open\src\hotspot\share\interpreter\linkResolver.cpp, line 790]
Event: 7.313 Thread 0x0000027e1ae72370 Exception <a 'java/lang/NoSuchMethodError'{0x0000000089edead8}: 'int java.lang.invoke.DirectMethodHandle$Holder.invokeSpecial(java.lang.Object, java.lang.Object, java.lang.Object)'> (0x0000000089edead8) 
thrown [t:\workspace\open\src\hotspot\share\interpreter\linkResolver.cpp, line 790]
Event: 7.577 Thread 0x0000027e1ae72370 Exception <a 'java/lang/NoSuchMethodError'{0x0000000088dcc008}: 'java.lang.Object java.lang.invoke.DirectMethodHandle$Holder.invokeStaticInit(java.lang.Object, int, int, int, int)'> (0x0000000088dcc008) 
thrown [t:\workspace\open\src\hotspot\share\interpreter\linkResolver.cpp, line 790]
Event: 7.629 Thread 0x0000027e1ae72370 Exception <a 'java/lang/NoSuchMethodError'{0x0000000088c8a658}: 'java.lang.Object java.lang.invoke.DirectMethodHandle$Holder.invokeStaticInit(java.lang.Object, java.lang.Object, int, int, int, int)'> (0x0000000088c8a658) 
thrown [t:\workspace\open\src\hotspot\share\interpreter\linkResolver.cpp, line 790]
Event: 7.656 Thread 0x0000027e1ae72370 Implicit null exception at 0x0000027e2b92c981 to 0x0000027e2b92dd58
Event: 7.656 Thread 0x0000027e1ae72370 Implicit null exception at 0x0000027e2b92b1af to 0x0000027e2b92b22d
Event: 7.687 Thread 0x0000027e1ae72370 Exception <a 'java/lang/NoSuchMethodError'{0x000000008adbc7e0}: 'java.lang.Object java.lang.invoke.Invokers$Holder.invokeExact_MT(java.lang.Object, java.lang.Object, java.lang.Object, java.lang.Object, java.lang.Object, java.lang.Object)'> (0x000000008adbc7e0) 
thrown [t:\workspace\open\src\hotspot\share\interpreter\linkResolver.cpp, line 790]
Event: 8.025 Thread 0x0000027e1ae72370 Exception <a 'java/lang/NoSuchMethodError'{0x00000000899c5a50}: 'java.lang.Object java.lang.invoke.DirectMethodHandle$Holder.newInvokeSpecial(java.lang.Object, java.lang.Object, java.lang.Object, java.lang.Object, java.lang.Object)'> (0x00000000899c5a50) 
thrown [t:\workspace\open\src\hotspot\share\interpreter\linkResolver.cpp, line 790]
Event: 8.172 Thread 0x0000027e1ae72370 Exception <a 'java/lang/NoSuchMethodError'{0x000000008914a6a0}: 'void java.lang.invoke.DirectMethodHandle$Holder.invokeSpecial(java.lang.Object, java.lang.Object, java.lang.Object, java.lang.Object, java.lang.Object)'> (0x000000008914a6a0) 
thrown [t:\workspace\open\src\hotspot\share\interpreter\linkResolver.cpp, line 790]

Events (20 events):
Event: 8.269 loading class java/util/AbstractList$SubList
Event: 8.269 loading class java/util/AbstractList$SubList done
Event: 8.270 loading class java/util/AbstractList$ListItr
Event: 8.270 loading class java/util/AbstractList$ListItr done
Event: 8.282 loading class sun/reflect/generics/tree/BottomSignature
Event: 8.282 loading class sun/reflect/generics/tree/BottomSignature done
Event: 8.282 loading class sun/reflect/generics/tree/Wildcard
Event: 8.282 loading class sun/reflect/generics/tree/Wildcard done
Event: 8.282 loading class sun/reflect/generics/reflectiveObjects/WildcardTypeImpl
Event: 8.282 loading class java/lang/reflect/WildcardType
Event: 8.282 loading class java/lang/reflect/WildcardType done
Event: 8.283 loading class sun/reflect/generics/reflectiveObjects/WildcardTypeImpl done
Event: 8.299 Executing  VM operation: ICBufferFull
Event: 8.299 Executing  VM operation: ICBufferFull done
Event: 8.310 loading class java/lang/TypeNotPresentException
Event: 8.310 loading class java/lang/TypeNotPresentException done
Event: 8.332 loading class java/lang/reflect/AnnotatedArrayType
Event: 8.332 loading class java/lang/reflect/AnnotatedArrayType done
Event: 8.346 loading class java/lang/reflect/AnnotatedParameterizedType
Event: 8.346 loading class java/lang/reflect/AnnotatedParameterizedType done


Dynamic libraries:
0x00007ff755df0000 - 0x00007ff755e00000 	C:\Program Files\Java\jdk-16.0.1\bin\java.exe
0x00007ffd61450000 - 0x00007ffd61645000 	C:\WINDOWS\SYSTEM32\ntdll.dll
0x00007ffd35da0000 - 0x00007ffd35db5000 	C:\Program Files\Avast Software\Avast\aswhook.dll
0x00007ffd60380000 - 0x00007ffd6043e000 	C:\WINDOWS\System32\KERNEL32.DLL
0x00007ffd5eef0000 - 0x00007ffd5f1b9000 	C:\WINDOWS\System32\KERNELBASE.dll
0x00007ffd5ebc0000 - 0x00007ffd5ecc0000 	C:\WINDOWS\System32\ucrtbase.dll
0x00007ffd589f0000 - 0x00007ffd58a08000 	C:\Program Files\Java\jdk-16.0.1\bin\jli.dll
0x00007ffd47b30000 - 0x00007ffd47b49000 	C:\Program Files\Java\jdk-16.0.1\bin\VCRUNTIME140.dll
0x00007ffd61290000 - 0x00007ffd6133c000 	C:\WINDOWS\System32\ADVAPI32.dll
0x00007ffd5f5b0000 - 0x00007ffd5f64e000 	C:\WINDOWS\System32\msvcrt.dll
0x00007ffd60280000 - 0x00007ffd6031b000 	C:\WINDOWS\System32\sechost.dll
0x00007ffd5ff10000 - 0x00007ffd6003a000 	C:\WINDOWS\System32\RPCRT4.dll
0x00007ffd5f650000 - 0x00007ffd5f7f1000 	C:\WINDOWS\System32\USER32.dll
0x00007ffd5ee20000 - 0x00007ffd5ee42000 	C:\WINDOWS\System32\win32u.dll
0x00007ffd46650000 - 0x00007ffd468ea000 	C:\WINDOWS\WinSxS\amd64_microsoft.windows.common-controls_6595b64144ccf1df_6.0.19041.1110_none_60b5254171f9507e\COMCTL32.dll
0x00007ffd5fa00000 - 0x00007ffd5fa2b000 	C:\WINDOWS\System32\GDI32.dll
0x00007ffd5f300000 - 0x00007ffd5f40b000 	C:\WINDOWS\System32\gdi32full.dll
0x00007ffd5ee50000 - 0x00007ffd5eeed000 	C:\WINDOWS\System32\msvcp_win.dll
0x00007ffd58350000 - 0x00007ffd5835a000 	C:\WINDOWS\SYSTEM32\VERSION.dll
0x00007ffd5fb60000 - 0x00007ffd5fb90000 	C:\WINDOWS\System32\IMM32.DLL
0x00007ffd58a40000 - 0x00007ffd58a4c000 	C:\Program Files\Java\jdk-16.0.1\bin\vcruntime140_1.dll
0x00007ffd38fd0000 - 0x00007ffd39061000 	C:\Program Files\Java\jdk-16.0.1\bin\msvcp140.dll
0x00007ffcded40000 - 0x00007ffcdf8eb000 	C:\Program Files\Java\jdk-16.0.1\bin\server\jvm.dll
0x00007ffd5fb50000 - 0x00007ffd5fb58000 	C:\WINDOWS\System32\PSAPI.DLL
0x00007ffd42670000 - 0x00007ffd42679000 	C:\WINDOWS\SYSTEM32\WSOCK32.dll
0x00007ffd45e60000 - 0x00007ffd45e87000 	C:\WINDOWS\SYSTEM32\WINMM.dll
0x00007ffd61340000 - 0x00007ffd613ab000 	C:\WINDOWS\System32\WS2_32.dll
0x00007ffd5d3f0000 - 0x00007ffd5d402000 	C:\WINDOWS\SYSTEM32\kernel.appcore.dll
0x00007ffd580e0000 - 0x00007ffd580ea000 	C:\Program Files\Java\jdk-16.0.1\bin\jimage.dll
0x00007ffd5c820000 - 0x00007ffd5ca04000 	C:\WINDOWS\SYSTEM32\DBGHELP.DLL
0x00007ffd48f20000 - 0x00007ffd48f4c000 	C:\WINDOWS\SYSTEM32\dbgcore.DLL
0x00007ffd5f410000 - 0x00007ffd5f493000 	C:\WINDOWS\System32\bcryptPrimitives.dll
0x00007ffd4a190000 - 0x00007ffd4a19e000 	C:\Program Files\Java\jdk-16.0.1\bin\instrument.dll
0x00007ffd47b00000 - 0x00007ffd47b25000 	C:\Program Files\Java\jdk-16.0.1\bin\java.dll
0x00007ffd608c0000 - 0x00007ffd60fff000 	C:\WINDOWS\System32\SHELL32.dll
0x00007ffd5cc50000 - 0x00007ffd5d3e0000 	C:\WINDOWS\SYSTEM32\windows.storage.dll
0x00007ffd5fb90000 - 0x00007ffd5fee5000 	C:\WINDOWS\System32\combase.dll
0x00007ffd5e5c0000 - 0x00007ffd5e5ec000 	C:\WINDOWS\SYSTEM32\Wldp.dll
0x00007ffd5f950000 - 0x00007ffd5f9fd000 	C:\WINDOWS\System32\SHCORE.dll
0x00007ffd613b0000 - 0x00007ffd61405000 	C:\WINDOWS\System32\shlwapi.dll
0x00007ffd5eab0000 - 0x00007ffd5eacf000 	C:\WINDOWS\SYSTEM32\profapi.dll
0x00007ffd3f440000 - 0x00007ffd3f458000 	C:\Program Files\Java\jdk-16.0.1\bin\zip.dll
0x00007ffd42a10000 - 0x00007ffd42a29000 	C:\Program Files\Java\jdk-16.0.1\bin\net.dll
0x00007ffd4c960000 - 0x00007ffd4ca68000 	C:\WINDOWS\SYSTEM32\WINHTTP.dll
0x00007ffd5e320000 - 0x00007ffd5e38a000 	C:\WINDOWS\system32\mswsock.dll
0x00007ffd429f0000 - 0x00007ffd42a03000 	C:\Program Files\Java\jdk-16.0.1\bin\nio.dll
0x00007ffd3f420000 - 0x00007ffd3f43a000 	C:\Program Files\JetBrains\IntelliJ IDEA Community Edition 2021.2.3\bin\breakgen64.dll
0x00007ffd5e520000 - 0x00007ffd5e538000 	C:\WINDOWS\SYSTEM32\CRYPTSP.dll
0x00007ffd5dc30000 - 0x00007ffd5dc64000 	C:\WINDOWS\system32\rsaenh.dll
0x00007ffd5f2d0000 - 0x00007ffd5f2f7000 	C:\WINDOWS\System32\bcrypt.dll
0x00007ffd5ea70000 - 0x00007ffd5ea9e000 	C:\WINDOWS\SYSTEM32\USERENV.dll
0x00007ffd5e510000 - 0x00007ffd5e51c000 	C:\WINDOWS\SYSTEM32\CRYPTBASE.dll
0x00007ffd5dfc0000 - 0x00007ffd5dffb000 	C:\WINDOWS\SYSTEM32\IPHLPAPI.DLL
0x00007ffd5ff00000 - 0x00007ffd5ff08000 	C:\WINDOWS\System32\NSI.dll
0x00007ffd547d0000 - 0x00007ffd547e7000 	C:\WINDOWS\SYSTEM32\dhcpcsvc6.DLL
0x00007ffd57260000 - 0x00007ffd5727d000 	C:\WINDOWS\SYSTEM32\dhcpcsvc.DLL
0x00007ffd5e010000 - 0x00007ffd5e0dc000 	C:\WINDOWS\SYSTEM32\DNSAPI.dll
0x00007ffd48be0000 - 0x00007ffd48bf0000 	C:\Program Files\Java\jdk-16.0.1\bin\verify.dll

dbghelp: loaded successfully - version: 4.0.5 - missing functions: none
symbol engine: initialized successfully - sym options: 0x614 - pdb path: .;C:\Program Files\Java\jdk-16.0.1\bin;C:\WINDOWS\SYSTEM32;C:\Program Files\Avast Software\Avast;C:\WINDOWS\WinSxS\amd64_microsoft.windows.common-controls_6595b64144ccf1df_6.0.19041.1110_none_60b5254171f9507e;C:\Program Files\Java\jdk-16.0.1\bin\server;C:\Program Files\JetBrains\IntelliJ IDEA Community Edition 2021.2.3\bin

VM Arguments:
jvm_args: -javaagent:C:\Program Files\JetBrains\IntelliJ IDEA Community Edition 2021.2.3\lib\idea_rt.jar=60857:C:\Program Files\JetBrains\IntelliJ IDEA Community Edition 2021.2.3\bin -Dfile.encoding=UTF-8 
java_command: Main
java_class_path (initial): E:\\JavaSberSchool\CardManager\target\classes;C:\Users\user\.m2\repository\javax\mail\mail\1.4.7\mail-1.4.7.jar;C:\Users\user\.m2\repository\com\sun\mail\smtp\2.0.1\smtp-2.0.1.jar;C:\Users\user\.m2\repository\com\sun\mail\mailapi\2.0.1\mailapi-2.0.1.jar;C:\Users\user\.m2\repository\com\sun\activation\jakarta.activation\2.0.1\jakarta.activation-2.0.1.jar;C:\Users\user\.m2\repository\javax\activation\activation\1.1.1\activation-1.1.1.jar;C:\Users\user\.m2\repository\javax\xml\bind\jaxb-api\2.3.0\jaxb-api-2.3.0.jar;C:\Users\user\.m2\repository\org\glassfish\jaxb\jaxb-runtime\2.3.0-b170127.1453\jaxb-runtime-2.3.0-b170127.1453.jar;C:\Users\user\.m2\repository\org\glassfish\jaxb\jaxb-core\2.3.0-b170127.1453\jaxb-core-2.3.0-b170127.1453.jar;C:\Users\user\.m2\repository\org\glassfish\jaxb\txw2\2.3.0-b170127.1453\txw2-2.3.0-b170127.1453.jar;C:\Users\user\.m2\repository\com\sun\istack\istack-commons-runtime\3.0.4\istack-commons-runtime-3.0.4.jar;C:\Users\user\.m2\repository\org\jvnet\staxex\stax-ex\1.7.8\stax-ex-1.7.8.jar;C:\Users\user\.m2\repository\com\sun\xml\fastinfoset\FastInfoset\1.2.13\FastInfoset-1.2.13.jar;C:\Users\user\.m2\repository\com\h2database\h2\1.4.200\h2-1.4.200.jar;C:\Users\user\.m2\repository\org\hibernate\hibernate-core\5.3.7.Final\hibernate-core-5.3.7.Final.jar;C:\Users\user\.m2\repository\org\jboss\logging\jboss-logging\3.3.2.Final\jboss-logging-3.3.2.Final.jar;C:\Users\user\.m2\repository\javax\persistence\javax.persistence-api\2.2\javax.persistence-api-2.2.jar;C:\Users\user\.m2\repository\org\javassist\javassist\3.23.1-GA\javassist-3.23.1-GA.jar;C:\Users\user\.m2\repository\net\bytebuddy\byte-buddy\1.8.17\byte-buddy-1.8.17.jar;C:\Users\user\.m2\repository\antlr\antlr\2.7.7\antlr-2.7.7.jar;C:\Users\user\.m2\repository\org\jboss\spec\javax\transaction\jboss-transaction-api_1.2_spec\1.1.1.Final\jboss-transaction-api_1.2_spec-1.1.1.Final.jar;C:\Users\user\.m2\repository\org\jboss\jandex\2.0.5.Final\jandex-2.0.5.Final.jar;C
Launcher Type: SUN_STANDARD

[Global flags]
     intx CICompilerCount                          = 4                                         {product} {ergonomic}
     uint ConcGCThreads                            = 2                                         {product} {ergonomic}
     uint G1ConcRefinementThreads                  = 8                                         {product} {ergonomic}
   size_t G1HeapRegionSize                         = 1048576                                   {product} {ergonomic}
    uintx GCDrainStackTargetSize                   = 64                                        {product} {ergonomic}
   size_t InitialHeapSize                          = 132120576                                 {product} {ergonomic}
   size_t MarkStackSize                            = 4194304                                   {product} {ergonomic}
   size_t MaxHeapSize                              = 2097152000                                {product} {ergonomic}
   size_t MaxNewSize                               = 1258291200                                {product} {ergonomic}
   size_t MinHeapDeltaBytes                        = 1048576                                   {product} {ergonomic}
   size_t MinHeapSize                              = 8388608                                   {product} {ergonomic}
    uintx NonNMethodCodeHeapSize                   = 5839372                                {pd product} {ergonomic}
    uintx NonProfiledCodeHeapSize                  = 122909434                              {pd product} {ergonomic}
    uintx ProfiledCodeHeapSize                     = 122909434                              {pd product} {ergonomic}
    uintx ReservedCodeCacheSize                    = 251658240                              {pd product} {ergonomic}
     bool SegmentedCodeCache                       = true                                      {product} {ergonomic}
   size_t SoftMaxHeapSize                          = 2097152000                             {manageable} {ergonomic}
     bool UseCompressedClassPointers               = true                           {product lp64_product} {ergonomic}
     bool UseCompressedOops                        = true                           {product lp64_product} {ergonomic}
     bool UseG1GC                                  = true                                      {product} {ergonomic}
     bool UseLargePagesIndividualAllocation        = false                                  {pd product} {ergonomic}

Logging:
Log output configuration:
 #0: stdout all=warning uptime,level,tags
 #1: stderr all=off uptime,level,tags

Environment Variables:
PATH=C:\Program Files\Common Files\Oracle\Java\javapath;C:\WINDOWS\system32;C:\WINDOWS;C:\WINDOWS\System32\Wbem;C:\WINDOWS\System32\WindowsPowerShell\v1.0\;C:\WINDOWS\System32\OpenSSH\;C:\Program Files\Git\cmd;C:\ProgramData\chocolatey\bin;C:\Program Files\nodejs\;C:\xampp\php;C:\ProgramData\ComposerSetup\bin;C:\Users\user\AppData\Local\Microsoft\WindowsApps;C:\Users\user\AppData\Local\GitHubDesktop\bin;C:\Users\user\AppData\Roaming\npm;C:\Users\user\AppData\Roaming\Composer\vendor\bin;C:\Users\user\AppData\Local\Programs\Microsoft VS Code\bin
USERNAME=user
OS=Windows_NT
PROCESSOR_IDENTIFIER=Intel64 Family 6 Model 165 Stepping 2, GenuineIntel



---------------  S Y S T E M  ---------------

OS:
 Windows 10 , 64 bit Build 19041 (10.0.19041.1202)
OS uptime: 31 days 1:31 hours

CPU: total 8 (initial active 8) (4 cores per cpu, 2 threads per core) family 6 model 165 stepping 2 microcode 0xc8, cx8, cmov, fxsr, ht, mmx, 3dnowpref, sse, sse2, sse3, ssse3, sse4.1, sse4.2, popcnt, lzcnt, tsc, tscinvbit, avx, avx2, aes, erms, clmul, bmi1, bmi2, adx, fma, vzeroupper, clflush, clflushopt

Memory: 4k page, system-wide physical 7993M (761M free)
TotalPageFile size 23885M (AvailPageFile size 12170M)
current process WorkingSet (physical memory assigned to process): 153M, peak: 153M
current process commit charge ("private bytes"): 274M, peak: 277M

vm_info: Java HotSpot(TM) 64-Bit Server VM (16.0.1+9-24) for windows-amd64 JRE (16.0.1+9-24), built on Mar 26 2021 19:31:42 by "mach5one" with MS VC++ 16.7 (VS2019)

END.
